<?xml version="1.0" encoding="UTF-8"?>
<testsuite name="gremlins.createTests" tests="1" skipped="0" failures="0" errors="0" timestamp="2022-10-14T06:00:19" hostname="Alis-MacBook-Air.local" time="0.192">
  <properties/>
  <testcase name="create()" classname="gremlins.createTests" time="0.192"/>
  <system-out><![CDATA[]]></system-out>
  <system-err><![CDATA[]]></system-err>
</testsuite>
