<?xml version="1.0" encoding="UTF-8"?>
<testsuite name="gremlins.appTest" tests="2" skipped="0" failures="0" errors="0" timestamp="2022-10-14T06:00:19" hostname="Alis-MacBook-Air.local" time="0.227">
  <properties/>
  <testcase name="window()" classname="gremlins.appTest" time="0.1"/>
  <testcase name="make()" classname="gremlins.appTest" time="0.126"/>
  <system-out><![CDATA[]]></system-out>
  <system-err><![CDATA[]]></system-err>
</testsuite>
