<?xml version="1.0" encoding="UTF-8"?>
<testsuite name="gremlins.playerTest" tests="2" skipped="0" failures="0" errors="0" timestamp="2022-10-14T06:00:19" hostname="Alis-MacBook-Air.local" time="0.174">
  <properties/>
  <testcase name="playerOnTile()" classname="gremlins.playerTest" time="0.077"/>
  <testcase name="playerOffTile()" classname="gremlins.playerTest" time="0.095"/>
  <system-out><![CDATA[]]></system-out>
  <system-err><![CDATA[]]></system-err>
</testsuite>
